<?xml version="1.0" encoding="UTF-8"?>
<!-- Generated by org.testng.reporters.JUnitReportReporter -->
<testsuite hostname="LAPTOP-V5RFMVD9" failures="0" tests="3" name="TestData.dynamicJson" time="4.246" errors="0" timestamp="2025-02-08T19:50:43 IST" skipped="0">
  <testcase classname="TestData.dynamicJson" name="addBooks" time="0.098"/>
  <testcase classname="TestData.dynamicJson" name="addBooks" time="4.032"/>
  <testcase classname="TestData.dynamicJson" name="addBooks" time="0.116"/>
</testsuite> <!-- TestData.dynamicJson -->
